c:\users\michael\documents\visual studio 2013\projects\drawing\drawing\debug\vc120.pdb
c:\users\michael\documents\visual studio 2013\projects\drawing\drawing\debug\vc120.idb
c:\users\michael\documents\visual studio 2013\projects\drawing\drawing\debug\animation.obj
c:\users\michael\documents\visual studio 2013\projects\drawing\drawing\debug\frame.obj
c:\users\michael\documents\visual studio 2013\projects\drawing\drawing\debug\game.obj
c:\users\michael\documents\visual studio 2013\projects\drawing\drawing\debug\gameobject.obj
c:\users\michael\documents\visual studio 2013\projects\drawing\drawing\debug\main.obj
c:\users\michael\documents\visual studio 2013\projects\drawing\drawing\debug\physics.obj
c:\users\michael\documents\visual studio 2013\projects\drawing\drawing\debug\player.obj
c:\users\michael\documents\visual studio 2013\projects\drawing\drawing\debug\rectangle.obj
c:\users\michael\documents\visual studio 2013\projects\drawing\drawing\debug\shadersutils.obj
c:\users\michael\documents\visual studio 2013\projects\drawing\drawing\debug\sprite.obj
c:\users\michael\documents\visual studio 2013\projects\drawing\drawing\debug\tile.obj
c:\users\michael\documents\visual studio 2013\projects\drawing\drawing\debug\world.obj
c:\users\michael\documents\visual studio 2013\projects\drawing\debug\drawing.ilk
c:\users\michael\documents\visual studio 2013\projects\drawing\debug\drawing.exe
c:\users\michael\documents\visual studio 2013\projects\drawing\debug\drawing.pdb
c:\users\michael\documents\visual studio 2013\projects\drawing\drawing\debug\drawing.tlog\cl.command.1.tlog
c:\users\michael\documents\visual studio 2013\projects\drawing\drawing\debug\drawing.tlog\cl.read.1.tlog
c:\users\michael\documents\visual studio 2013\projects\drawing\drawing\debug\drawing.tlog\cl.write.1.tlog
c:\users\michael\documents\visual studio 2013\projects\drawing\drawing\debug\drawing.tlog\link.command.1.tlog
c:\users\michael\documents\visual studio 2013\projects\drawing\drawing\debug\drawing.tlog\link.read.1.tlog
c:\users\michael\documents\visual studio 2013\projects\drawing\drawing\debug\drawing.tlog\link.write.1.tlog
