Build started 6/3/2015 12:26:03 AM.
     1>Project "C:\Users\Michael\Documents\Visual Studio 2013\Projects\Drawing\Drawing\Drawing.vcxproj" on node 2 (Build target(s)).
     1>ClCompile:
         C:\Program Files\Microsoft Visual Studio 12.0\VC\bin\CL.exe /c /I"C:\Users\Michael\Documents\Visual Studio 2013\Projects\Drawing\Drawing\include\GLFW" /I"C:\Users\Michael\Documents\Visual Studio 2013\Projects\Drawing\Drawing\include\assimp" /I"C:\Users\Michael\Documents\Visual Studio 2013\Projects\Drawing\Drawing\include" /ZI /nologo /W3 /WX- /sdl /Od /Oy- /D WIN32 /D _DEBUG /D _CONSOLE /D _LIB /D _UNICODE /D UNICODE /Gm /EHsc /RTC1 /MDd /GS /fp:precise /Zc:wchar_t /Zc:forScope /Fo"Debug\\" /Fd"Debug\vc120.pdb" /Gd /TP /analyze- /errorReport:prompt Main.cpp
         Main.cpp
       Link:
         C:\Program Files\Microsoft Visual Studio 12.0\VC\bin\link.exe /ERRORREPORT:PROMPT /OUT:"C:\Users\Michael\Documents\Visual Studio 2013\Projects\Drawing\Debug\Drawing.exe" /INCREMENTAL /NOLOGO /LIBPATH:"C:\Users\Michael\Documents\Visual Studio 2013\Projects\Drawing\Debug" /LIBPATH:"C:\Users\Michael\Documents\Visual Studio 2013\Projects\Drawing\Drawing\lib\x86" freeglut.lib glfw3.lib glew32.lib glew32s.lib SDL2.lib SDL2main.lib SDL2test.lib OpenGL32.lib kernel32.lib user32.lib gdi32.lib winspool.lib comdlg32.lib advapi32.lib shell32.lib ole32.lib oleaut32.lib uuid.lib odbc32.lib odbccp32.lib /MANIFEST /MANIFESTUAC:"level='asInvoker' uiAccess='false'" /manifest:embed /DEBUG /PDB:"C:\Users\Michael\Documents\Visual Studio 2013\Projects\Drawing\Debug\Drawing.pdb" /SUBSYSTEM:CONSOLE /TLBID:1 /DYNAMICBASE /NXCOMPAT /IMPLIB:"C:\Users\Michael\Documents\Visual Studio 2013\Projects\Drawing\Debug\Drawing.lib" /MACHINE:X86 Debug\Animation.obj
         Debug\Frame.obj
         Debug\Game.obj
         Debug\GameObject.obj
         Debug\Main.obj
         Debug\Physics.obj
         Debug\Player.obj
         Debug\Rectangle.obj
         Debug\ShadersUtils.obj
         Debug\Sprite.obj
         Debug\Tile.obj
         Debug\World.obj
         Drawing.vcxproj -> C:\Users\Michael\Documents\Visual Studio 2013\Projects\Drawing\Debug\Drawing.exe
     1>Done Building Project "C:\Users\Michael\Documents\Visual Studio 2013\Projects\Drawing\Drawing\Drawing.vcxproj" (Build target(s)).

Build succeeded.

Time Elapsed 00:00:05.83
